<?xml version="1.0" encoding="UTF-8"?>
<testsuite name="com.bfwg.security.TokenHelperTest" time="0.003" tests="10" errors="10" skipped="0" failures="0">
  <properties>
[...]
</properties>
  <testcase name="expiredTokenCannotBeRefreshed" classname="com.bfwg.security.TokenHelperTest" time="0">
    <error message="javax/xml/bind/DatatypeConverter" type="java.lang.NoClassDefFoundError">java.lang.NoClassDefFoundError: javax/xml/bind/DatatypeConverter
	at java.base/jdk.internal.loader.BuiltinClassLoader.loadClass(BuiltinClassLoader.java:582)
	at java.base/jdk.internal.loader.ClassLoaders$AppClassLoader.loadClass(ClassLoaders.java:185)
	at java.base/java.lang.ClassLoader.loadClass(ClassLoader.java:496)
	at io.jsonwebtoken.impl.Base64Codec.decode(Base64Codec.java:26)
	at io.jsonwebtoken.impl.DefaultJwtBuilder.signWith(DefaultJwtBuilder.java:106)
	at com.bfwg.security.TokenHelper.generateToken(TokenHelper.java:108)
	at com.bfwg.security.TokenHelperTest.createToken(TokenHelperTest.java:158)
	at com.bfwg.security.TokenHelperTest.expiredTokenCannotBeRefreshed(TokenHelperTest.java:113)
</error>
  </testcase>
  <testcase name="getAudienceFromToken" classname="com.bfwg.security.TokenHelperTest" time="0">
    <error message="javax/xml/bind/DatatypeConverter" type="java.lang.NoClassDefFoundError">java.lang.NoClassDefFoundError: javax/xml/bind/DatatypeConverter
	at io.jsonwebtoken.impl.Base64Codec.decode(Base64Codec.java:26)
	at io.jsonwebtoken.impl.DefaultJwtBuilder.signWith(DefaultJwtBuilder.java:106)
	at com.bfwg.security.TokenHelper.generateToken(TokenHelper.java:108)
	at com.bfwg.security.TokenHelperTest.createToken(TokenHelperTest.java:158)
	at com.bfwg.security.TokenHelperTest.getAudienceFromToken(TokenHelperTest.java:121)
</error>
  </testcase>
  <testcase name="canRefreshToken" classname="com.bfwg.security.TokenHelperTest" time="0">
    <error message="javax/xml/bind/DatatypeConverter" type="java.lang.NoClassDefFoundError">java.lang.NoClassDefFoundError: javax/xml/bind/DatatypeConverter
	at io.jsonwebtoken.impl.Base64Codec.decode(Base64Codec.java:26)
	at io.jsonwebtoken.impl.DefaultJwtBuilder.signWith(DefaultJwtBuilder.java:106)
	at com.bfwg.security.TokenHelper.generateToken(TokenHelper.java:108)
	at com.bfwg.security.TokenHelperTest.createToken(TokenHelperTest.java:158)
	at com.bfwg.security.TokenHelperTest.canRefreshToken(TokenHelperTest.java:150)
</error>
  </testcase>
  <testcase name="changedPasswordCannotBeRefreshed" classname="com.bfwg.security.TokenHelperTest" time="0">
    <error message="javax/xml/bind/DatatypeConverter" type="java.lang.NoClassDefFoundError">java.lang.NoClassDefFoundError: javax/xml/bind/DatatypeConverter
	at io.jsonwebtoken.impl.Base64Codec.decode(Base64Codec.java:26)
	at io.jsonwebtoken.impl.DefaultJwtBuilder.signWith(DefaultJwtBuilder.java:106)
	at com.bfwg.security.TokenHelper.generateToken(TokenHelper.java:108)
	at com.bfwg.security.TokenHelperTest.createToken(TokenHelperTest.java:158)
	at com.bfwg.security.TokenHelperTest.changedPasswordCannotBeRefreshed(TokenHelperTest.java:141)
</error>
  </testcase>
  <testcase name="mobileTokenShouldLiveLonger" classname="com.bfwg.security.TokenHelperTest" time="0">
    <error message="javax/xml/bind/DatatypeConverter" type="java.lang.NoClassDefFoundError">java.lang.NoClassDefFoundError: javax/xml/bind/DatatypeConverter
	at io.jsonwebtoken.impl.Base64Codec.decode(Base64Codec.java:26)
	at io.jsonwebtoken.impl.DefaultJwtBuilder.signWith(DefaultJwtBuilder.java:106)
	at com.bfwg.security.TokenHelper.generateToken(TokenHelper.java:108)
	at com.bfwg.security.TokenHelperTest.createToken(TokenHelperTest.java:158)
	at com.bfwg.security.TokenHelperTest.mobileTokenShouldLiveLonger(TokenHelperTest.java:70)
</error>
  </testcase>
  <testcase name="getAudienceFromMobileToken" classname="com.bfwg.security.TokenHelperTest" time="0.001">
    <error message="javax/xml/bind/DatatypeConverter" type="java.lang.NoClassDefFoundError">java.lang.NoClassDefFoundError: javax/xml/bind/DatatypeConverter
	at io.jsonwebtoken.impl.Base64Codec.decode(Base64Codec.java:26)
	at io.jsonwebtoken.impl.DefaultJwtBuilder.signWith(DefaultJwtBuilder.java:106)
	at com.bfwg.security.TokenHelper.generateToken(TokenHelper.java:108)
	at com.bfwg.security.TokenHelperTest.createToken(TokenHelperTest.java:158)
	at com.bfwg.security.TokenHelperTest.getAudienceFromMobileToken(TokenHelperTest.java:130)
</error>
  </testcase>
  <testcase name="mobileTokenShouldExpire" classname="com.bfwg.security.TokenHelperTest" time="0">
    <error message="javax/xml/bind/DatatypeConverter" type="java.lang.NoClassDefFoundError">java.lang.NoClassDefFoundError: javax/xml/bind/DatatypeConverter
	at io.jsonwebtoken.impl.Base64Codec.decode(Base64Codec.java:26)
	at io.jsonwebtoken.impl.DefaultJwtBuilder.signWith(DefaultJwtBuilder.java:106)
	at com.bfwg.security.TokenHelper.generateToken(TokenHelper.java:108)
	at com.bfwg.security.TokenHelperTest.createToken(TokenHelperTest.java:158)
	at com.bfwg.security.TokenHelperTest.mobileTokenShouldExpire(TokenHelperTest.java:85)
</error>
  </testcase>
  <testcase name="getUsernameFromToken" classname="com.bfwg.security.TokenHelperTest" time="0">
    <error message="javax/xml/bind/DatatypeConverter" type="java.lang.NoClassDefFoundError">java.lang.NoClassDefFoundError: javax/xml/bind/DatatypeConverter
	at io.jsonwebtoken.impl.Base64Codec.decode(Base64Codec.java:26)
	at io.jsonwebtoken.impl.DefaultJwtBuilder.signWith(DefaultJwtBuilder.java:106)
	at com.bfwg.security.TokenHelper.generateToken(TokenHelper.java:108)
	at com.bfwg.security.TokenHelperTest.createToken(TokenHelperTest.java:158)
	at com.bfwg.security.TokenHelperTest.getUsernameFromToken(TokenHelperTest.java:93)
</error>
  </testcase>
  <testcase name="testGenerateTokenGeneratesDifferentTokensForDifferentCreationDates" classname="com.bfwg.security.TokenHelperTest" time="0">
    <error message="javax/xml/bind/DatatypeConverter" type="java.lang.NoClassDefFoundError">java.lang.NoClassDefFoundError: javax/xml/bind/DatatypeConverter
	at io.jsonwebtoken.impl.Base64Codec.decode(Base64Codec.java:26)
	at io.jsonwebtoken.impl.DefaultJwtBuilder.signWith(DefaultJwtBuilder.java:106)
	at com.bfwg.security.TokenHelper.generateToken(TokenHelper.java:108)
	at com.bfwg.security.TokenHelperTest.createToken(TokenHelperTest.java:158)
	at com.bfwg.security.TokenHelperTest.testGenerateTokenGeneratesDifferentTokensForDifferentCreationDates(TokenHelperTest.java:54)
</error>
  </testcase>
  <testcase name="getCreatedDateFromToken" classname="com.bfwg.security.TokenHelperTest" time="0.002">
    <error message="javax/xml/bind/DatatypeConverter" type="java.lang.NoClassDefFoundError">java.lang.NoClassDefFoundError: javax/xml/bind/DatatypeConverter
	at io.jsonwebtoken.impl.Base64Codec.decode(Base64Codec.java:26)
	at io.jsonwebtoken.impl.DefaultJwtBuilder.signWith(DefaultJwtBuilder.java:106)
	at com.bfwg.security.TokenHelper.generateToken(TokenHelper.java:108)
	at com.bfwg.security.TokenHelperTest.createToken(TokenHelperTest.java:158)
	at com.bfwg.security.TokenHelperTest.getCreatedDateFromToken(TokenHelperTest.java:103)
</error>
  </testcase>
</testsuite>